TN:
SF:src/genDiff.js
FN:6,(anonymous_0)
FN:12,(anonymous_1)
FN:17,(anonymous_2)
FNF:3
FNH:3
FNDA:4,(anonymous_0)
FNDA:2,(anonymous_1)
FNDA:10,(anonymous_2)
DA:6,1
DA:7,4
DA:8,4
DA:9,4
DA:12,1
DA:13,2
DA:14,2
DA:16,2
DA:17,2
DA:18,10
DA:19,4
DA:21,6
DA:22,2
DA:24,4
DA:25,2
DA:27,2
DA:30,2
LF:17
LH:17
BRDA:18,0,0,4
BRDA:18,0,1,6
BRDA:21,1,0,2
BRDA:21,1,1,4
BRDA:24,2,0,2
BRDA:24,2,1,2
BRF:6
BRH:6
end_of_record
TN:
SF:src/parsers.js
FN:3,(anonymous_0)
FNF:1
FNH:1
FNDA:4,(anonymous_0)
DA:3,1
DA:4,4
DA:5,2
DA:6,0
LF:4
LH:3
BRDA:4,0,0,2
BRDA:4,0,1,2
BRDA:5,1,0,2
BRDA:5,1,1,0
BRDA:5,2,0,2
BRDA:5,2,1,0
BRF:6
BRH:4
end_of_record
